<?xml version="1.0" encoding="UTF-8"?>
<!-- Generated by org.testng.reporters.JUnitXMLReporter -->
<testsuite ignored="0" hostname="LAPTOP-P2436C7E" failures="0" tests="4" name="WebRegressionSuite" time="29.349" errors="0" timestamp="2026-09-15T08:58:37 IST">
  <testcase classname="com.enterprise.automation.tests.WikipediaHomePageTest" name="verifyWikipediaHomePageTitle" time="2.177"/>
  <testcase classname="com.enterprise.automation.tests.AmazonHomePageTest" name="verifyAmazonHomePageTitle" time="3.193"/>
  <testcase classname="com.enterprise.automation.tests.SeleniumHomePageTest" name="verifySeleniumHomePageTitle" time="22.71"/>
  <testcase classname="com.enterprise.automation.tests.FlipkartHomePageTest" name="verifyFlipkartHomePageTitle" time="25.81"/>
</testsuite> <!-- WebRegressionSuite -->
