<?xml version="1.0" encoding="UTF-8"?>
<!-- Generated by org.testng.reporters.JUnitXMLReporter -->
<testsuite ignored="0" hostname="IPLCELPT0009400" failures="2" tests="8" name="WebRegressionSuite" time="97.164" errors="0" timestamp="2026-07-28T16:45:22 IST">
  <testcase classname="com.enterprise.automation.tests.WikipediaHomePageTest" name="verifyWikipediaHomePageTitle" time="2.991"/>
  <testcase classname="com.enterprise.automation.tests.AmazonHomePageTest" name="verifyAmazonHomePageTitle" time="14.995"/>
  <testcase classname="com.enterprise.automation.tests.SeleniumHomePageTest" name="verifySeleniumHomePageTitle" time="24.932">
    <skipped/>
  </testcase> <!-- verifySeleniumHomePageTitle -->
  <testcase classname="com.enterprise.automation.tests.FlipkartHomePageTest" name="verifyFlipkartHomePageTitle" time="31.59">
    <skipped/>
  </testcase> <!-- verifyFlipkartHomePageTitle -->
  <testcase classname="com.enterprise.automation.tests.SeleniumHomePageTest" name="verifySeleniumHomePageTitle" time="24.105">
    <skipped/>
  </testcase> <!-- verifySeleniumHomePageTitle -->
  <testcase classname="com.enterprise.automation.tests.FlipkartHomePageTest" name="verifyFlipkartHomePageTitle" time="25.711">
    <skipped/>
  </testcase> <!-- verifyFlipkartHomePageTitle -->
  <testcase classname="com.enterprise.automation.tests.SeleniumHomePageTest" name="verifySeleniumHomePageTitle" time="23.914">
    <failure type="java.lang.AssertionError" message="The Selenium home page did not render its navigation logo expected [true] but found [false]">
      <![CDATA[java.lang.AssertionError: The Selenium home page did not render its navigation logo expected [true] but found [false]
at com.enterprise.automation.tests.SeleniumHomePageTest.verifySeleniumHomePageTitle(SeleniumHomePageTest.java:51)
at java.base/java.util.concurrent.Executors$RunnableAdapter.call(Executors.java:572)
at java.base/java.util.concurrent.FutureTask.run(FutureTask.java:317)
at java.base/java.util.concurrent.ThreadPoolExecutor.runWorker(ThreadPoolExecutor.java:1144)
at java.base/java.util.concurrent.ThreadPoolExecutor$Worker.run(ThreadPoolExecutor.java:642)
at java.base/java.lang.Thread.run(Thread.java:1583)
... Removed 14 stack frames]]>
    </failure>
  </testcase> <!-- verifySeleniumHomePageTitle -->
  <testcase classname="com.enterprise.automation.tests.FlipkartHomePageTest" name="verifyFlipkartHomePageTitle" time="25.371">
    <failure type="java.lang.AssertionError" message="The Flipkart home page did not render its brand logo expected [true] but found [false]">
      <![CDATA[java.lang.AssertionError: The Flipkart home page did not render its brand logo expected [true] but found [false]
at com.enterprise.automation.tests.FlipkartHomePageTest.verifyFlipkartHomePageTitle(FlipkartHomePageTest.java:50)
at java.base/java.util.concurrent.Executors$RunnableAdapter.call(Executors.java:572)
at java.base/java.util.concurrent.FutureTask.run(FutureTask.java:317)
at java.base/java.util.concurrent.ThreadPoolExecutor.runWorker(ThreadPoolExecutor.java:1144)
at java.base/java.util.concurrent.ThreadPoolExecutor$Worker.run(ThreadPoolExecutor.java:642)
at java.base/java.lang.Thread.run(Thread.java:1583)
... Removed 14 stack frames]]>
    </failure>
  </testcase> <!-- verifyFlipkartHomePageTitle -->
</testsuite> <!-- WebRegressionSuite -->
