<?xml version="1.0" encoding="UTF-8"?>
<testng-results retried="4" ignored="4" total="12" passed="2" failed="2" skipped="0">
  <reporter-output>
  </reporter-output>
  <suite started-at="2026-09-12T19:25:10 IST" name="EnterpriseAutomationSuite" finished-at="2026-09-12T19:26:40 IST" duration-ms="90085">
    <groups>
      <group name="tooling">
        <method signature="SeleniumHomePageTest.verifySeleniumHomePageTitle()[pri:4, instance:com.enterprise.automation.tests.SeleniumHomePageTest@5aac4250]" name="verifySeleniumHomePageTitle" class="com.enterprise.automation.tests.SeleniumHomePageTest"/>
      </group> <!-- tooling -->
      <group name="regression">
        <method signature="AmazonHomePageTest.verifyAmazonHomePageTitle()[pri:1, instance:com.enterprise.automation.tests.AmazonHomePageTest@1ecee32c]" name="verifyAmazonHomePageTitle" class="com.enterprise.automation.tests.AmazonHomePageTest"/>
        <method signature="FlipkartHomePageTest.verifyFlipkartHomePageTitle()[pri:2, instance:com.enterprise.automation.tests.FlipkartHomePageTest@6c45ee6e]" name="verifyFlipkartHomePageTitle" class="com.enterprise.automation.tests.FlipkartHomePageTest"/>
        <method signature="WikipediaHomePageTest.verifyWikipediaHomePageTitle()[pri:3, instance:com.enterprise.automation.tests.WikipediaHomePageTest@6b3e12b5]" name="verifyWikipediaHomePageTitle" class="com.enterprise.automation.tests.WikipediaHomePageTest"/>
        <method signature="SeleniumHomePageTest.verifySeleniumHomePageTitle()[pri:4, instance:com.enterprise.automation.tests.SeleniumHomePageTest@5aac4250]" name="verifySeleniumHomePageTitle" class="com.enterprise.automation.tests.SeleniumHomePageTest"/>
      </group> <!-- regression -->
      <group name="ecommerce">
        <method signature="AmazonHomePageTest.verifyAmazonHomePageTitle()[pri:1, instance:com.enterprise.automation.tests.AmazonHomePageTest@1ecee32c]" name="verifyAmazonHomePageTitle" class="com.enterprise.automation.tests.AmazonHomePageTest"/>
        <method signature="FlipkartHomePageTest.verifyFlipkartHomePageTitle()[pri:2, instance:com.enterprise.automation.tests.FlipkartHomePageTest@6c45ee6e]" name="verifyFlipkartHomePageTitle" class="com.enterprise.automation.tests.FlipkartHomePageTest"/>
      </group> <!-- ecommerce -->
      <group name="smoke">
        <method signature="AmazonHomePageTest.verifyAmazonHomePageTitle()[pri:1, instance:com.enterprise.automation.tests.AmazonHomePageTest@1ecee32c]" name="verifyAmazonHomePageTitle" class="com.enterprise.automation.tests.AmazonHomePageTest"/>
        <method signature="FlipkartHomePageTest.verifyFlipkartHomePageTitle()[pri:2, instance:com.enterprise.automation.tests.FlipkartHomePageTest@6c45ee6e]" name="verifyFlipkartHomePageTitle" class="com.enterprise.automation.tests.FlipkartHomePageTest"/>
        <method signature="WikipediaHomePageTest.verifyWikipediaHomePageTitle()[pri:3, instance:com.enterprise.automation.tests.WikipediaHomePageTest@6b3e12b5]" name="verifyWikipediaHomePageTitle" class="com.enterprise.automation.tests.WikipediaHomePageTest"/>
        <method signature="SeleniumHomePageTest.verifySeleniumHomePageTitle()[pri:4, instance:com.enterprise.automation.tests.SeleniumHomePageTest@5aac4250]" name="verifySeleniumHomePageTitle" class="com.enterprise.automation.tests.SeleniumHomePageTest"/>
      </group> <!-- smoke -->
      <group name="content">
        <method signature="WikipediaHomePageTest.verifyWikipediaHomePageTitle()[pri:3, instance:com.enterprise.automation.tests.WikipediaHomePageTest@6b3e12b5]" name="verifyWikipediaHomePageTitle" class="com.enterprise.automation.tests.WikipediaHomePageTest"/>
      </group> <!-- content -->
    </groups>
    <test started-at="2026-09-12T19:25:10 IST" name="WebRegressionSuite" finished-at="2026-09-12T19:26:40 IST" duration-ms="90085">
      <class name="com.enterprise.automation.tests.WikipediaHomePageTest">
        <test-method is-config="true" signature="setUp(java.lang.String)[pri:0, instance:com.enterprise.automation.tests.WikipediaHomePageTest@6b3e12b5]" started-at="2026-09-12T19:25:10 IST" name="setUp" finished-at="2026-09-12T19:25:18 IST" duration-ms="8143" status="PASS">
          <params>
            <param index="0">
              <value is-null="true"/>
            </param>
          </params>
          <reporter-output>
          </reporter-output>
        </test-method> <!-- setUp -->
        <test-method signature="verifyWikipediaHomePageTitle()[pri:3, instance:com.enterprise.automation.tests.WikipediaHomePageTest@6b3e12b5]" started-at="2026-09-12T19:25:18 IST" name="verifyWikipediaHomePageTitle" description="Verify that the Wikipedia portal loads and exposes the expected title" finished-at="2026-09-12T19:25:22 IST" duration-ms="3910" status="PASS">
          <reporter-output>
          </reporter-output>
        </test-method> <!-- verifyWikipediaHomePageTitle -->
        <test-method is-config="true" signature="tearDown(org.testng.ITestResult)[pri:0, instance:com.enterprise.automation.tests.WikipediaHomePageTest@6b3e12b5]" started-at="2026-09-12T19:25:24 IST" name="tearDown" finished-at="2026-09-12T19:25:25 IST" duration-ms="538" status="PASS">
          <params>
            <param index="0">
              <value>
                <![CDATA[[TestResult name=verifyWikipediaHomePageTitle status=SUCCESS method=WikipediaHomePageTest.verifyWikipediaHomePageTitle()[pri:3, instance:com.enterprise.automation.tests.WikipediaHomePageTest@6b3e12b5] output={null}]]]>
              </value>
            </param>
          </params>
          <reporter-output>
          </reporter-output>
        </test-method> <!-- tearDown -->
      </class> <!-- com.enterprise.automation.tests.WikipediaHomePageTest -->
      <class name="com.enterprise.automation.tests.AmazonHomePageTest">
        <test-method is-config="true" signature="setUp(java.lang.String)[pri:0, instance:com.enterprise.automation.tests.AmazonHomePageTest@1ecee32c]" started-at="2026-09-12T19:25:10 IST" name="setUp" finished-at="2026-09-12T19:25:17 IST" duration-ms="7088" status="PASS">
          <params>
            <param index="0">
              <value is-null="true"/>
            </param>
          </params>
          <reporter-output>
          </reporter-output>
        </test-method> <!-- setUp -->
        <test-method signature="verifyAmazonHomePageTitle()[pri:1, instance:com.enterprise.automation.tests.AmazonHomePageTest@1ecee32c]" started-at="2026-09-12T19:25:17 IST" name="verifyAmazonHomePageTitle" description="Verify that the Amazon India home page loads and exposes the expected title" finished-at="2026-09-12T19:25:24 IST" duration-ms="6603" status="PASS">
          <reporter-output>
          </reporter-output>
        </test-method> <!-- verifyAmazonHomePageTitle -->
        <test-method is-config="true" signature="tearDown(org.testng.ITestResult)[pri:0, instance:com.enterprise.automation.tests.AmazonHomePageTest@1ecee32c]" started-at="2026-09-12T19:25:26 IST" name="tearDown" finished-at="2026-09-12T19:25:27 IST" duration-ms="793" status="PASS">
          <params>
            <param index="0">
              <value>
                <![CDATA[[TestResult name=verifyAmazonHomePageTitle status=SUCCESS method=AmazonHomePageTest.verifyAmazonHomePageTitle()[pri:1, instance:com.enterprise.automation.tests.AmazonHomePageTest@1ecee32c] output={null}]]]>
              </value>
            </param>
          </params>
          <reporter-output>
          </reporter-output>
        </test-method> <!-- tearDown -->
      </class> <!-- com.enterprise.automation.tests.AmazonHomePageTest -->
      <class name="com.enterprise.automation.tests.FlipkartHomePageTest">
        <test-method is-config="true" signature="setUp(java.lang.String)[pri:0, instance:com.enterprise.automation.tests.FlipkartHomePageTest@6c45ee6e]" started-at="2026-09-12T19:25:10 IST" name="setUp" finished-at="2026-09-12T19:25:17 IST" duration-ms="7057" status="PASS">
          <params>
            <param index="0">
              <value is-null="true"/>
            </param>
          </params>
          <reporter-output>
          </reporter-output>
        </test-method> <!-- setUp -->
        <test-method retried="true" signature="verifyFlipkartHomePageTitle()[pri:2, instance:com.enterprise.automation.tests.FlipkartHomePageTest@6c45ee6e]" started-at="2026-09-12T19:25:17 IST" name="verifyFlipkartHomePageTitle" description="Verify that the Flipkart home page loads and exposes the expected title" finished-at="2026-09-12T19:25:44 IST" duration-ms="27207" status="SKIP">
          <exception class="java.lang.AssertionError">
            <message>
              <![CDATA[The Flipkart home page did not render its brand logo expected [true] but found [false]]]>
            </message>
            <full-stacktrace>
              <![CDATA[java.lang.AssertionError: The Flipkart home page did not render its brand logo expected [true] but found [false]
at org.testng.Assert.fail(Assert.java:111)
at org.testng.Assert.failNotEquals(Assert.java:1578)
at org.testng.Assert.assertTrue(Assert.java:57)
at com.enterprise.automation.tests.FlipkartHomePageTest.verifyFlipkartHomePageTitle(FlipkartHomePageTest.java:50)
at java.base/jdk.internal.reflect.DirectMethodHandleAccessor.invoke(DirectMethodHandleAccessor.java:103)
at java.base/java.lang.reflect.Method.invoke(Method.java:580)
at org.testng.internal.invokers.MethodInvocationHelper.invokeMethod(MethodInvocationHelper.java:141)
at org.testng.internal.invokers.TestInvoker.invokeMethod(TestInvoker.java:686)
at org.testng.internal.invokers.TestInvoker.invokeTestMethod(TestInvoker.java:230)
at org.testng.internal.invokers.MethodRunner.runInSequence(MethodRunner.java:63)
at org.testng.internal.invokers.TestInvoker$MethodInvocationAgent.invoke(TestInvoker.java:992)
at org.testng.internal.invokers.TestInvoker.invokeTestMethods(TestInvoker.java:203)
at org.testng.internal.invokers.TestMethodWorker.invokeTestMethods(TestMethodWorker.java:154)
at org.testng.internal.invokers.TestMethodWorker.run(TestMethodWorker.java:134)
at java.base/java.util.concurrent.Executors$RunnableAdapter.call(Executors.java:572)
at java.base/java.util.concurrent.FutureTask.run(FutureTask.java:317)
at org.testng.internal.thread.graph.TestNGFutureTask.run(TestNGFutureTask.java:22)
at java.base/java.util.concurrent.ThreadPoolExecutor.runWorker(ThreadPoolExecutor.java:1144)
at java.base/java.util.concurrent.ThreadPoolExecutor$Worker.run(ThreadPoolExecutor.java:642)
at java.base/java.lang.Thread.run(Thread.java:1583)
]]>
            </full-stacktrace>
          </exception> <!-- java.lang.AssertionError -->
          <reporter-output>
          </reporter-output>
        </test-method> <!-- verifyFlipkartHomePageTitle -->
        <test-method is-config="true" signature="tearDown(org.testng.ITestResult)[pri:0, instance:com.enterprise.automation.tests.FlipkartHomePageTest@6c45ee6e]" started-at="2026-09-12T19:25:44 IST" name="tearDown" finished-at="2026-09-12T19:25:45 IST" duration-ms="741" status="PASS">
          <params>
            <param index="0">
              <value>
                <![CDATA[[TestResult name=verifyFlipkartHomePageTitle status=SKIP method=FlipkartHomePageTest.verifyFlipkartHomePageTitle()[pri:2, instance:com.enterprise.automation.tests.FlipkartHomePageTest@6c45ee6e] output={null}]]]>
              </value>
            </param>
          </params>
          <reporter-output>
          </reporter-output>
        </test-method> <!-- tearDown -->
        <test-method is-config="true" signature="setUp(java.lang.String)[pri:0, instance:com.enterprise.automation.tests.FlipkartHomePageTest@6c45ee6e]" started-at="2026-09-12T19:25:45 IST" name="setUp" finished-at="2026-09-12T19:25:48 IST" duration-ms="2987" status="PASS">
          <params>
            <param index="0">
              <value is-null="true"/>
            </param>
          </params>
          <reporter-output>
          </reporter-output>
        </test-method> <!-- setUp -->
        <test-method retried="true" signature="verifyFlipkartHomePageTitle()[pri:2, instance:com.enterprise.automation.tests.FlipkartHomePageTest@6c45ee6e]" started-at="2026-09-12T19:25:48 IST" name="verifyFlipkartHomePageTitle" description="Verify that the Flipkart home page loads and exposes the expected title" finished-at="2026-09-12T19:26:11 IST" duration-ms="23093" status="SKIP">
          <exception class="java.lang.AssertionError">
            <message>
              <![CDATA[The Flipkart home page did not render its brand logo expected [true] but found [false]]]>
            </message>
            <full-stacktrace>
              <![CDATA[java.lang.AssertionError: The Flipkart home page did not render its brand logo expected [true] but found [false]
at org.testng.Assert.fail(Assert.java:111)
at org.testng.Assert.failNotEquals(Assert.java:1578)
at org.testng.Assert.assertTrue(Assert.java:57)
at com.enterprise.automation.tests.FlipkartHomePageTest.verifyFlipkartHomePageTitle(FlipkartHomePageTest.java:50)
at java.base/jdk.internal.reflect.DirectMethodHandleAccessor.invoke(DirectMethodHandleAccessor.java:103)
at java.base/java.lang.reflect.Method.invoke(Method.java:580)
at org.testng.internal.invokers.MethodInvocationHelper.invokeMethod(MethodInvocationHelper.java:141)
at org.testng.internal.invokers.TestInvoker.invokeMethod(TestInvoker.java:686)
at org.testng.internal.invokers.TestInvoker.retryFailed(TestInvoker.java:269)
at org.testng.internal.invokers.MethodRunner.runInSequence(MethodRunner.java:76)
at org.testng.internal.invokers.TestInvoker$MethodInvocationAgent.invoke(TestInvoker.java:992)
at org.testng.internal.invokers.TestInvoker.invokeTestMethods(TestInvoker.java:203)
at org.testng.internal.invokers.TestMethodWorker.invokeTestMethods(TestMethodWorker.java:154)
at org.testng.internal.invokers.TestMethodWorker.run(TestMethodWorker.java:134)
at java.base/java.util.concurrent.Executors$RunnableAdapter.call(Executors.java:572)
at java.base/java.util.concurrent.FutureTask.run(FutureTask.java:317)
at org.testng.internal.thread.graph.TestNGFutureTask.run(TestNGFutureTask.java:22)
at java.base/java.util.concurrent.ThreadPoolExecutor.runWorker(ThreadPoolExecutor.java:1144)
at java.base/java.util.concurrent.ThreadPoolExecutor$Worker.run(ThreadPoolExecutor.java:642)
at java.base/java.lang.Thread.run(Thread.java:1583)
]]>
            </full-stacktrace>
          </exception> <!-- java.lang.AssertionError -->
          <reporter-output>
          </reporter-output>
        </test-method> <!-- verifyFlipkartHomePageTitle -->
        <test-method is-config="true" signature="tearDown(org.testng.ITestResult)[pri:0, instance:com.enterprise.automation.tests.FlipkartHomePageTest@6c45ee6e]" started-at="2026-09-12T19:26:11 IST" name="tearDown" finished-at="2026-09-12T19:26:12 IST" duration-ms="287" status="PASS">
          <params>
            <param index="0">
              <value>
                <![CDATA[[TestResult name=verifyFlipkartHomePageTitle status=SKIP method=FlipkartHomePageTest.verifyFlipkartHomePageTitle()[pri:2, instance:com.enterprise.automation.tests.FlipkartHomePageTest@6c45ee6e] output={null}]]]>
              </value>
            </param>
          </params>
          <reporter-output>
          </reporter-output>
        </test-method> <!-- tearDown -->
        <test-method is-config="true" signature="setUp(java.lang.String)[pri:0, instance:com.enterprise.automation.tests.FlipkartHomePageTest@6c45ee6e]" started-at="2026-09-12T19:26:12 IST" name="setUp" finished-at="2026-09-12T19:26:14 IST" duration-ms="2247" status="PASS">
          <params>
            <param index="0">
              <value is-null="true"/>
            </param>
          </params>
          <reporter-output>
          </reporter-output>
        </test-method> <!-- setUp -->
        <test-method signature="verifyFlipkartHomePageTitle()[pri:2, instance:com.enterprise.automation.tests.FlipkartHomePageTest@6c45ee6e]" started-at="2026-09-12T19:26:14 IST" name="verifyFlipkartHomePageTitle" description="Verify that the Flipkart home page loads and exposes the expected title" finished-at="2026-09-12T19:26:36 IST" duration-ms="22390" status="FAIL">
          <exception class="java.lang.AssertionError">
            <message>
              <![CDATA[The Flipkart home page did not render its brand logo expected [true] but found [false]]]>
            </message>
            <full-stacktrace>
              <![CDATA[java.lang.AssertionError: The Flipkart home page did not render its brand logo expected [true] but found [false]
at org.testng.Assert.fail(Assert.java:111)
at org.testng.Assert.failNotEquals(Assert.java:1578)
at org.testng.Assert.assertTrue(Assert.java:57)
at com.enterprise.automation.tests.FlipkartHomePageTest.verifyFlipkartHomePageTitle(FlipkartHomePageTest.java:50)
at java.base/jdk.internal.reflect.DirectMethodHandleAccessor.invoke(DirectMethodHandleAccessor.java:103)
at java.base/java.lang.reflect.Method.invoke(Method.java:580)
at org.testng.internal.invokers.MethodInvocationHelper.invokeMethod(MethodInvocationHelper.java:141)
at org.testng.internal.invokers.TestInvoker.invokeMethod(TestInvoker.java:686)
at org.testng.internal.invokers.TestInvoker.retryFailed(TestInvoker.java:269)
at org.testng.internal.invokers.MethodRunner.runInSequence(MethodRunner.java:76)
at org.testng.internal.invokers.TestInvoker$MethodInvocationAgent.invoke(TestInvoker.java:992)
at org.testng.internal.invokers.TestInvoker.invokeTestMethods(TestInvoker.java:203)
at org.testng.internal.invokers.TestMethodWorker.invokeTestMethods(TestMethodWorker.java:154)
at org.testng.internal.invokers.TestMethodWorker.run(TestMethodWorker.java:134)
at java.base/java.util.concurrent.Executors$RunnableAdapter.call(Executors.java:572)
at java.base/java.util.concurrent.FutureTask.run(FutureTask.java:317)
at org.testng.internal.thread.graph.TestNGFutureTask.run(TestNGFutureTask.java:22)
at java.base/java.util.concurrent.ThreadPoolExecutor.runWorker(ThreadPoolExecutor.java:1144)
at java.base/java.util.concurrent.ThreadPoolExecutor$Worker.run(ThreadPoolExecutor.java:642)
at java.base/java.lang.Thread.run(Thread.java:1583)
]]>
            </full-stacktrace>
          </exception> <!-- java.lang.AssertionError -->
          <reporter-output>
          </reporter-output>
        </test-method> <!-- verifyFlipkartHomePageTitle -->
        <test-method is-config="true" signature="tearDown(org.testng.ITestResult)[pri:0, instance:com.enterprise.automation.tests.FlipkartHomePageTest@6c45ee6e]" started-at="2026-09-12T19:26:37 IST" name="tearDown" finished-at="2026-09-12T19:26:37 IST" duration-ms="430" status="PASS">
          <params>
            <param index="0">
              <value>
                <![CDATA[[TestResult name=verifyFlipkartHomePageTitle status=FAILURE method=FlipkartHomePageTest.verifyFlipkartHomePageTitle()[pri:2, instance:com.enterprise.automation.tests.FlipkartHomePageTest@6c45ee6e] output={null}]]]>
              </value>
            </param>
          </params>
          <reporter-output>
          </reporter-output>
        </test-method> <!-- tearDown -->
      </class> <!-- com.enterprise.automation.tests.FlipkartHomePageTest -->
      <class name="com.enterprise.automation.tests.SeleniumHomePageTest">
        <test-method is-config="true" signature="setUp(java.lang.String)[pri:0, instance:com.enterprise.automation.tests.SeleniumHomePageTest@5aac4250]" started-at="2026-09-12T19:25:10 IST" name="setUp" finished-at="2026-09-12T19:25:18 IST" duration-ms="7874" status="PASS">
          <params>
            <param index="0">
              <value is-null="true"/>
            </param>
          </params>
          <reporter-output>
          </reporter-output>
        </test-method> <!-- setUp -->
        <test-method retried="true" signature="verifySeleniumHomePageTitle()[pri:4, instance:com.enterprise.automation.tests.SeleniumHomePageTest@5aac4250]" started-at="2026-09-12T19:25:18 IST" name="verifySeleniumHomePageTitle" description="Verify that the Selenium project site loads and exposes the expected title" finished-at="2026-09-12T19:25:42 IST" duration-ms="23588" status="SKIP">
          <exception class="java.lang.AssertionError">
            <message>
              <![CDATA[The Selenium home page did not render its navigation logo expected [true] but found [false]]]>
            </message>
            <full-stacktrace>
              <![CDATA[java.lang.AssertionError: The Selenium home page did not render its navigation logo expected [true] but found [false]
at org.testng.Assert.fail(Assert.java:111)
at org.testng.Assert.failNotEquals(Assert.java:1578)
at org.testng.Assert.assertTrue(Assert.java:57)
at com.enterprise.automation.tests.SeleniumHomePageTest.verifySeleniumHomePageTitle(SeleniumHomePageTest.java:51)
at java.base/jdk.internal.reflect.DirectMethodHandleAccessor.invoke(DirectMethodHandleAccessor.java:103)
at java.base/java.lang.reflect.Method.invoke(Method.java:580)
at org.testng.internal.invokers.MethodInvocationHelper.invokeMethod(MethodInvocationHelper.java:141)
at org.testng.internal.invokers.TestInvoker.invokeMethod(TestInvoker.java:686)
at org.testng.internal.invokers.TestInvoker.invokeTestMethod(TestInvoker.java:230)
at org.testng.internal.invokers.MethodRunner.runInSequence(MethodRunner.java:63)
at org.testng.internal.invokers.TestInvoker$MethodInvocationAgent.invoke(TestInvoker.java:992)
at org.testng.internal.invokers.TestInvoker.invokeTestMethods(TestInvoker.java:203)
at org.testng.internal.invokers.TestMethodWorker.invokeTestMethods(TestMethodWorker.java:154)
at org.testng.internal.invokers.TestMethodWorker.run(TestMethodWorker.java:134)
at java.base/java.util.concurrent.Executors$RunnableAdapter.call(Executors.java:572)
at java.base/java.util.concurrent.FutureTask.run(FutureTask.java:317)
at org.testng.internal.thread.graph.TestNGFutureTask.run(TestNGFutureTask.java:22)
at java.base/java.util.concurrent.ThreadPoolExecutor.runWorker(ThreadPoolExecutor.java:1144)
at java.base/java.util.concurrent.ThreadPoolExecutor$Worker.run(ThreadPoolExecutor.java:642)
at java.base/java.lang.Thread.run(Thread.java:1583)
]]>
            </full-stacktrace>
          </exception> <!-- java.lang.AssertionError -->
          <reporter-output>
          </reporter-output>
        </test-method> <!-- verifySeleniumHomePageTitle -->
        <test-method is-config="true" signature="tearDown(org.testng.ITestResult)[pri:0, instance:com.enterprise.automation.tests.SeleniumHomePageTest@5aac4250]" started-at="2026-09-12T19:25:42 IST" name="tearDown" finished-at="2026-09-12T19:25:42 IST" duration-ms="405" status="PASS">
          <params>
            <param index="0">
              <value>
                <![CDATA[[TestResult name=verifySeleniumHomePageTitle status=SKIP method=SeleniumHomePageTest.verifySeleniumHomePageTitle()[pri:4, instance:com.enterprise.automation.tests.SeleniumHomePageTest@5aac4250] output={null}]]]>
              </value>
            </param>
          </params>
          <reporter-output>
          </reporter-output>
        </test-method> <!-- tearDown -->
        <test-method is-config="true" signature="setUp(java.lang.String)[pri:0, instance:com.enterprise.automation.tests.SeleniumHomePageTest@5aac4250]" started-at="2026-09-12T19:25:42 IST" name="setUp" finished-at="2026-09-12T19:25:45 IST" duration-ms="3318" status="PASS">
          <params>
            <param index="0">
              <value is-null="true"/>
            </param>
          </params>
          <reporter-output>
          </reporter-output>
        </test-method> <!-- setUp -->
        <test-method retried="true" signature="verifySeleniumHomePageTitle()[pri:4, instance:com.enterprise.automation.tests.SeleniumHomePageTest@5aac4250]" started-at="2026-09-12T19:25:45 IST" name="verifySeleniumHomePageTitle" description="Verify that the Selenium project site loads and exposes the expected title" finished-at="2026-09-12T19:26:15 IST" duration-ms="29838" status="SKIP">
          <exception class="java.lang.AssertionError">
            <message>
              <![CDATA[The Selenium home page did not render its navigation logo expected [true] but found [false]]]>
            </message>
            <full-stacktrace>
              <![CDATA[java.lang.AssertionError: The Selenium home page did not render its navigation logo expected [true] but found [false]
at org.testng.Assert.fail(Assert.java:111)
at org.testng.Assert.failNotEquals(Assert.java:1578)
at org.testng.Assert.assertTrue(Assert.java:57)
at com.enterprise.automation.tests.SeleniumHomePageTest.verifySeleniumHomePageTitle(SeleniumHomePageTest.java:51)
at java.base/jdk.internal.reflect.DirectMethodHandleAccessor.invoke(DirectMethodHandleAccessor.java:103)
at java.base/java.lang.reflect.Method.invoke(Method.java:580)
at org.testng.internal.invokers.MethodInvocationHelper.invokeMethod(MethodInvocationHelper.java:141)
at org.testng.internal.invokers.TestInvoker.invokeMethod(TestInvoker.java:686)
at org.testng.internal.invokers.TestInvoker.retryFailed(TestInvoker.java:269)
at org.testng.internal.invokers.MethodRunner.runInSequence(MethodRunner.java:76)
at org.testng.internal.invokers.TestInvoker$MethodInvocationAgent.invoke(TestInvoker.java:992)
at org.testng.internal.invokers.TestInvoker.invokeTestMethods(TestInvoker.java:203)
at org.testng.internal.invokers.TestMethodWorker.invokeTestMethods(TestMethodWorker.java:154)
at org.testng.internal.invokers.TestMethodWorker.run(TestMethodWorker.java:134)
at java.base/java.util.concurrent.Executors$RunnableAdapter.call(Executors.java:572)
at java.base/java.util.concurrent.FutureTask.run(FutureTask.java:317)
at org.testng.internal.thread.graph.TestNGFutureTask.run(TestNGFutureTask.java:22)
at java.base/java.util.concurrent.ThreadPoolExecutor.runWorker(ThreadPoolExecutor.java:1144)
at java.base/java.util.concurrent.ThreadPoolExecutor$Worker.run(ThreadPoolExecutor.java:642)
at java.base/java.lang.Thread.run(Thread.java:1583)
]]>
            </full-stacktrace>
          </exception> <!-- java.lang.AssertionError -->
          <reporter-output>
          </reporter-output>
        </test-method> <!-- verifySeleniumHomePageTitle -->
        <test-method is-config="true" signature="tearDown(org.testng.ITestResult)[pri:0, instance:com.enterprise.automation.tests.SeleniumHomePageTest@5aac4250]" started-at="2026-09-12T19:26:15 IST" name="tearDown" finished-at="2026-09-12T19:26:16 IST" duration-ms="262" status="PASS">
          <params>
            <param index="0">
              <value>
                <![CDATA[[TestResult name=verifySeleniumHomePageTitle status=SKIP method=SeleniumHomePageTest.verifySeleniumHomePageTitle()[pri:4, instance:com.enterprise.automation.tests.SeleniumHomePageTest@5aac4250] output={null}]]]>
              </value>
            </param>
          </params>
          <reporter-output>
          </reporter-output>
        </test-method> <!-- tearDown -->
        <test-method is-config="true" signature="setUp(java.lang.String)[pri:0, instance:com.enterprise.automation.tests.SeleniumHomePageTest@5aac4250]" started-at="2026-09-12T19:26:16 IST" name="setUp" finished-at="2026-09-12T19:26:18 IST" duration-ms="2736" status="PASS">
          <params>
            <param index="0">
              <value is-null="true"/>
            </param>
          </params>
          <reporter-output>
          </reporter-output>
        </test-method> <!-- setUp -->
        <test-method signature="verifySeleniumHomePageTitle()[pri:4, instance:com.enterprise.automation.tests.SeleniumHomePageTest@5aac4250]" started-at="2026-09-12T19:26:18 IST" name="verifySeleniumHomePageTitle" description="Verify that the Selenium project site loads and exposes the expected title" finished-at="2026-09-12T19:26:40 IST" duration-ms="21310" status="FAIL">
          <exception class="java.lang.AssertionError">
            <message>
              <![CDATA[The Selenium home page did not render its navigation logo expected [true] but found [false]]]>
            </message>
            <full-stacktrace>
              <![CDATA[java.lang.AssertionError: The Selenium home page did not render its navigation logo expected [true] but found [false]
at org.testng.Assert.fail(Assert.java:111)
at org.testng.Assert.failNotEquals(Assert.java:1578)
at org.testng.Assert.assertTrue(Assert.java:57)
at com.enterprise.automation.tests.SeleniumHomePageTest.verifySeleniumHomePageTitle(SeleniumHomePageTest.java:51)
at java.base/jdk.internal.reflect.DirectMethodHandleAccessor.invoke(DirectMethodHandleAccessor.java:103)
at java.base/java.lang.reflect.Method.invoke(Method.java:580)
at org.testng.internal.invokers.MethodInvocationHelper.invokeMethod(MethodInvocationHelper.java:141)
at org.testng.internal.invokers.TestInvoker.invokeMethod(TestInvoker.java:686)
at org.testng.internal.invokers.TestInvoker.retryFailed(TestInvoker.java:269)
at org.testng.internal.invokers.MethodRunner.runInSequence(MethodRunner.java:76)
at org.testng.internal.invokers.TestInvoker$MethodInvocationAgent.invoke(TestInvoker.java:992)
at org.testng.internal.invokers.TestInvoker.invokeTestMethods(TestInvoker.java:203)
at org.testng.internal.invokers.TestMethodWorker.invokeTestMethods(TestMethodWorker.java:154)
at org.testng.internal.invokers.TestMethodWorker.run(TestMethodWorker.java:134)
at java.base/java.util.concurrent.Executors$RunnableAdapter.call(Executors.java:572)
at java.base/java.util.concurrent.FutureTask.run(FutureTask.java:317)
at org.testng.internal.thread.graph.TestNGFutureTask.run(TestNGFutureTask.java:22)
at java.base/java.util.concurrent.ThreadPoolExecutor.runWorker(ThreadPoolExecutor.java:1144)
at java.base/java.util.concurrent.ThreadPoolExecutor$Worker.run(ThreadPoolExecutor.java:642)
at java.base/java.lang.Thread.run(Thread.java:1583)
]]>
            </full-stacktrace>
          </exception> <!-- java.lang.AssertionError -->
          <reporter-output>
          </reporter-output>
        </test-method> <!-- verifySeleniumHomePageTitle -->
        <test-method is-config="true" signature="tearDown(org.testng.ITestResult)[pri:0, instance:com.enterprise.automation.tests.SeleniumHomePageTest@5aac4250]" started-at="2026-09-12T19:26:40 IST" name="tearDown" finished-at="2026-09-12T19:26:40 IST" duration-ms="225" status="PASS">
          <params>
            <param index="0">
              <value>
                <![CDATA[[TestResult name=verifySeleniumHomePageTitle status=FAILURE method=SeleniumHomePageTest.verifySeleniumHomePageTitle()[pri:4, instance:com.enterprise.automation.tests.SeleniumHomePageTest@5aac4250] output={null}]]]>
              </value>
            </param>
          </params>
          <reporter-output>
          </reporter-output>
        </test-method> <!-- tearDown -->
      </class> <!-- com.enterprise.automation.tests.SeleniumHomePageTest -->
    </test> <!-- WebRegressionSuite -->
  </suite> <!-- EnterpriseAutomationSuite -->
</testng-results>
