<?xml version="1.0" encoding="UTF-8"?>
<!-- Generated by org.testng.reporters.JUnitReportReporter -->
<testsuite hostname="LAPTOP-P2436C7E" failures="1" tests="3" name="com.enterprise.automation.tests.FlipkartHomePageTest" time="86.439" errors="0" timestamp="2026-09-12T19:28:00 IST" skipped="2">
  <testcase classname="com.enterprise.automation.tests.FlipkartHomePageTest" name="verifyFlipkartHomePageTitle" time="25.807">
    <failure message="The Flipkart home page did not render its brand logo expected [true] but found [false]" type="java.lang.AssertionError">
      <![CDATA[java.lang.AssertionError: The Flipkart home page did not render its brand logo expected [true] but found [false]
at org.testng.Assert.fail(Assert.java:111)
at org.testng.Assert.failNotEquals(Assert.java:1578)
at org.testng.Assert.assertTrue(Assert.java:57)
at com.enterprise.automation.tests.FlipkartHomePageTest.verifyFlipkartHomePageTitle(FlipkartHomePageTest.java:50)
at java.base/jdk.internal.reflect.DirectMethodHandleAccessor.invoke(DirectMethodHandleAccessor.java:103)
at java.base/java.lang.reflect.Method.invoke(Method.java:580)
at org.testng.internal.invokers.MethodInvocationHelper.invokeMethod(MethodInvocationHelper.java:141)
at org.testng.internal.invokers.TestInvoker.invokeMethod(TestInvoker.java:686)
at org.testng.internal.invokers.TestInvoker.retryFailed(TestInvoker.java:269)
at org.testng.internal.invokers.MethodRunner.runInSequence(MethodRunner.java:76)
at org.testng.internal.invokers.TestInvoker$MethodInvocationAgent.invoke(TestInvoker.java:992)
at org.testng.internal.invokers.TestInvoker.invokeTestMethods(TestInvoker.java:203)
at org.testng.internal.invokers.TestMethodWorker.invokeTestMethods(TestMethodWorker.java:154)
at org.testng.internal.invokers.TestMethodWorker.run(TestMethodWorker.java:134)
at java.base/java.util.concurrent.Executors$RunnableAdapter.call(Executors.java:572)
at java.base/java.util.concurrent.FutureTask.run(FutureTask.java:317)
at org.testng.internal.thread.graph.TestNGFutureTask.run(TestNGFutureTask.java:22)
at java.base/java.util.concurrent.ThreadPoolExecutor.runWorker(ThreadPoolExecutor.java:1144)
at java.base/java.util.concurrent.ThreadPoolExecutor$Worker.run(ThreadPoolExecutor.java:642)
at java.base/java.lang.Thread.run(Thread.java:1583)
]]>
    </failure>
  </testcase> <!-- verifyFlipkartHomePageTitle -->
  <testcase classname="com.enterprise.automation.tests.FlipkartHomePageTest" name="verifyFlipkartHomePageTitle" time="29.741">
    <skipped/>
  </testcase> <!-- verifyFlipkartHomePageTitle -->
  <testcase classname="com.enterprise.automation.tests.FlipkartHomePageTest" name="verifyFlipkartHomePageTitle" time="30.891">
    <skipped/>
  </testcase> <!-- verifyFlipkartHomePageTitle -->
</testsuite> <!-- com.enterprise.automation.tests.FlipkartHomePageTest -->
