<?xml version="1.0" encoding="UTF-8"?>
<!-- Generated by org.testng.reporters.JUnitReportReporter -->
<testsuite hostname="LAPTOP-P2436C7E" failures="0" tests="1" name="com.enterprise.automation.tests.WikipediaHomePageTest" time="12.591" errors="0" timestamp="2026-09-12T19:28:00 IST" skipped="0">
  <testcase classname="com.enterprise.automation.tests.WikipediaHomePageTest" name="verifyWikipediaHomePageTitle" time="12.591"/>
</testsuite> <!-- com.enterprise.automation.tests.WikipediaHomePageTest -->
