<?xml version="1.0" encoding="UTF-8"?>
<!-- Generated by org.testng.reporters.JUnitReportReporter -->
<testsuite hostname="IPLCELPT0009400" failures="0" tests="1" name="com.enterprise.automation.tests.WikipediaHomePageTest" time="11.023" errors="0" timestamp="2026-07-28T16:45:23 IST" skipped="0">
  <testcase classname="com.enterprise.automation.tests.WikipediaHomePageTest" name="verifyWikipediaHomePageTitle" time="11.023"/>
</testsuite> <!-- com.enterprise.automation.tests.WikipediaHomePageTest -->
