<?xml version="1.0" encoding="UTF-8"?>
<!-- Generated by org.testng.reporters.JUnitReportReporter -->
<testsuite hostname="LAPTOP-P2436C7E" failures="0" tests="1" name="com.enterprise.automation.tests.SeleniumHomePageTest" time="26.961" errors="0" timestamp="2026-09-22T20:42:50 IST" skipped="0">
  <testcase classname="com.enterprise.automation.tests.SeleniumHomePageTest" name="verifySeleniumHomePageTitle" time="26.961"/>
</testsuite> <!-- com.enterprise.automation.tests.SeleniumHomePageTest -->
