<?xml version="1.0" encoding="UTF-8"?>
<!-- Generated by org.testng.reporters.JUnitReportReporter -->
<testsuite hostname="LAPTOP-P2436C7E" failures="0" tests="1" name="com.enterprise.automation.tests.FlipkartHomePageTest" time="28.729" errors="0" timestamp="2026-09-15T09:00:06 IST" skipped="0">
  <testcase classname="com.enterprise.automation.tests.FlipkartHomePageTest" name="verifyFlipkartHomePageTitle" time="28.729"/>
</testsuite> <!-- com.enterprise.automation.tests.FlipkartHomePageTest -->
